2020-04-12 00:00:25,609 INFO PERFORMANCE:|4|3|-1|-1

2020-04-12 00:05:25,625 INFO PERFORMANCE:|4|3|-1|-1

2020-04-12 00:10:25,637 INFO PERFORMANCE:|4|3|-1|-1

2020-04-12 00:15:25,650 INFO PERFORMANCE:|4|3|-1|-1

2020-04-12 00:20:25,663 INFO PERFORMANCE:|4|3|-1|-1

2020-04-12 00:25:25,676 INFO PERFORMANCE:|4|3|-1|-1

2020-04-12 00:30:25,689 INFO PERFORMANCE:|4|3|-1|-1

2020-04-12 00:35:25,702 INFO PERFORMANCE:|4|3|-1|-1

2020-04-12 00:40:25,715 INFO PERFORMANCE:|4|3|-1|-1

2020-04-12 00:45:25,728 INFO PERFORMANCE:|4|3|-1|-1

2020-04-12 00:50:25,740 INFO PERFORMANCE:|4|3|-1|-1

2020-04-12 00:55:25,754 INFO PERFORMANCE:|4|3|-1|-1

2020-04-12 01:00:25,766 INFO PERFORMANCE:|4|3|-1|-1

2020-04-12 01:05:25,783 INFO PERFORMANCE:|4|3|-1|-1

2020-04-12 01:10:25,796 INFO PERFORMANCE:|4|3|-1|-1

2020-04-12 01:15:25,809 INFO PERFORMANCE:|4|3|-1|-1

2020-04-12 01:20:25,818 INFO PERFORMANCE:|4|3|-1|-1

2020-04-12 01:25:25,828 INFO PERFORMANCE:|4|3|-1|-1

2020-04-12 01:30:25,839 INFO PERFORMANCE:|4|3|-1|-1

2020-04-12 01:35:25,852 INFO PERFORMANCE:|4|3|-1|-1

2020-04-12 01:40:25,868 INFO PERFORMANCE:|4|3|-1|-1

2020-04-12 01:45:25,881 INFO PERFORMANCE:|4|3|-1|-1

2020-04-12 01:50:25,894 INFO PERFORMANCE:|4|3|-1|-1

2020-04-12 01:55:25,920 INFO PERFORMANCE:|4|3|-1|-1

2020-04-12 02:00:25,940 INFO PERFORMANCE:|4|3|-1|-1

2020-04-12 02:05:25,957 INFO PERFORMANCE:|4|3|-1|-1

2020-04-12 02:10:25,969 INFO PERFORMANCE:|4|3|-1|-1

2020-04-12 02:15:25,980 INFO PERFORMANCE:|4|3|-1|-1

2020-04-12 02:20:25,994 INFO PERFORMANCE:|4|3|-1|-1

2020-04-12 02:25:26,010 INFO PERFORMANCE:|4|3|-1|-1

2020-04-12 02:30:26,019 INFO PERFORMANCE:|4|3|-1|-1

2020-04-12 02:35:26,031 INFO PERFORMANCE:|4|3|-1|-1

2020-04-12 02:40:26,043 INFO PERFORMANCE:|4|3|-1|-1

2020-04-12 02:45:26,055 INFO PERFORMANCE:|4|3|-1|-1

2020-04-12 02:50:26,067 INFO PERFORMANCE:|4|3|-1|-1

2020-04-12 02:55:26,080 INFO PERFORMANCE:|4|3|-1|-1

2020-04-12 03:00:26,093 INFO PERFORMANCE:|4|3|-1|-1

2020-04-12 03:05:26,106 INFO PERFORMANCE:|4|3|-1|-1

2020-04-12 03:10:26,119 INFO PERFORMANCE:|4|3|-1|-1

2020-04-12 03:15:26,131 INFO PERFORMANCE:|4|3|-1|-1

2020-04-12 03:20:26,140 INFO PERFORMANCE:|4|3|-1|-1

2020-04-12 03:25:26,151 INFO PERFORMANCE:|4|3|-1|-1

2020-04-12 03:30:26,162 INFO PERFORMANCE:|4|3|-1|-1

2020-04-12 03:35:26,175 INFO PERFORMANCE:|4|3|-1|-1

2020-04-12 03:40:26,192 INFO PERFORMANCE:|4|3|-1|-1

2020-04-12 03:45:26,205 INFO PERFORMANCE:|4|3|-1|-1

2020-04-12 03:50:26,217 INFO PERFORMANCE:|4|3|-1|-1

2020-04-12 03:55:26,229 INFO PERFORMANCE:|4|3|-1|-1

2020-04-12 04:00:26,242 INFO PERFORMANCE:|4|3|-1|-1

2020-04-12 04:05:26,254 INFO PERFORMANCE:|4|3|-1|-1

2020-04-12 04:10:26,268 INFO PERFORMANCE:|4|3|-1|-1

2020-04-12 04:15:26,281 INFO PERFORMANCE:|4|3|-1|-1

2020-04-12 04:20:26,294 INFO PERFORMANCE:|4|3|-1|-1

2020-04-12 04:25:26,306 INFO PERFORMANCE:|4|3|-1|-1

2020-04-12 04:30:26,319 INFO PERFORMANCE:|4|3|-1|-1

2020-04-12 04:35:26,332 INFO PERFORMANCE:|4|3|-1|-1

2020-04-12 04:40:26,344 INFO PERFORMANCE:|4|3|-1|-1

2020-04-12 04:45:26,356 INFO PERFORMANCE:|4|3|-1|-1

2020-04-12 04:50:26,368 INFO PERFORMANCE:|4|3|-1|-1

2020-04-12 04:55:26,380 INFO PERFORMANCE:|4|3|-1|-1

2020-04-12 05:00:26,394 INFO PERFORMANCE:|4|3|-1|-1

2020-04-12 05:05:26,406 INFO PERFORMANCE:|4|3|-1|-1

2020-04-12 05:10:26,418 INFO PERFORMANCE:|4|3|-1|-1

2020-04-12 05:15:26,430 INFO PERFORMANCE:|4|3|-1|-1

2020-04-12 05:20:26,445 INFO PERFORMANCE:|4|3|-1|-1

2020-04-12 05:25:26,458 INFO PERFORMANCE:|4|3|-1|-1

2020-04-12 05:30:26,470 INFO PERFORMANCE:|4|3|-1|-1

2020-04-12 05:35:26,482 INFO PERFORMANCE:|4|3|-1|-1

2020-04-12 05:40:26,493 INFO PERFORMANCE:|4|3|-1|-1

2020-04-12 05:45:26,506 INFO PERFORMANCE:|4|3|-1|-1

2020-04-12 05:50:26,518 INFO PERFORMANCE:|4|3|-1|-1

2020-04-12 05:55:26,531 INFO PERFORMANCE:|4|3|-1|-1

2020-04-12 06:00:26,544 INFO PERFORMANCE:|4|3|-1|-1

2020-04-12 06:05:26,556 INFO PERFORMANCE:|4|3|-1|-1

2020-04-12 06:10:26,571 INFO PERFORMANCE:|4|3|-1|-1

2020-04-12 06:15:26,588 INFO PERFORMANCE:|4|3|-1|-1

2020-04-12 06:20:26,603 INFO PERFORMANCE:|4|3|-1|-1

2020-04-12 06:25:26,615 INFO PERFORMANCE:|4|3|-1|-1

2020-04-12 06:30:26,625 INFO PERFORMANCE:|4|3|-1|-1

2020-04-12 06:35:26,636 INFO PERFORMANCE:|4|3|-1|-1

2020-04-12 06:40:26,648 INFO PERFORMANCE:|4|3|-1|-1

2020-04-12 06:45:26,660 INFO PERFORMANCE:|4|3|-1|-1

2020-04-12 06:50:26,675 INFO PERFORMANCE:|4|3|-1|-1

2020-04-12 06:55:26,687 INFO PERFORMANCE:|4|3|-1|-1

2020-04-12 07:00:26,700 INFO PERFORMANCE:|4|3|-1|-1

2020-04-12 07:05:26,712 INFO PERFORMANCE:|4|3|-1|-1

2020-04-12 07:10:26,724 INFO PERFORMANCE:|4|3|-1|-1

2020-04-12 07:15:26,736 INFO PERFORMANCE:|4|3|-1|-1

2020-04-12 07:20:26,749 INFO PERFORMANCE:|4|3|-1|-1

2020-04-12 07:25:26,760 INFO PERFORMANCE:|4|3|-1|-1

2020-04-12 07:30:26,772 INFO PERFORMANCE:|4|3|-1|-1

2020-04-12 07:35:26,784 INFO PERFORMANCE:|4|3|-1|-1

2020-04-12 07:40:26,795 INFO PERFORMANCE:|4|3|-1|-1

2020-04-12 07:45:26,807 INFO PERFORMANCE:|4|3|-1|-1

2020-04-12 07:50:26,819 INFO PERFORMANCE:|4|3|-1|-1

2020-04-12 07:55:26,832 INFO PERFORMANCE:|4|3|-1|-1

2020-04-12 08:00:26,844 INFO PERFORMANCE:|4|3|-1|-1

2020-04-12 08:05:26,856 INFO PERFORMANCE:|4|3|-1|-1

2020-04-12 08:10:26,870 INFO PERFORMANCE:|4|3|-1|-1

2020-04-12 08:15:26,885 INFO PERFORMANCE:|4|3|-1|-1

2020-04-12 08:20:26,897 INFO PERFORMANCE:|4|3|-1|-1

2020-04-12 08:25:26,910 INFO PERFORMANCE:|4|3|-1|-1

2020-04-12 08:30:26,921 INFO PERFORMANCE:|4|3|-1|-1

2020-04-12 08:35:26,934 INFO PERFORMANCE:|4|3|-1|-1

2020-04-12 08:40:26,952 INFO PERFORMANCE:|4|3|-1|-1

2020-04-12 08:45:26,972 INFO PERFORMANCE:|4|3|-1|-1

2020-04-12 08:50:26,985 INFO PERFORMANCE:|4|3|-1|-1

2020-04-12 08:55:27,000 INFO PERFORMANCE:|4|3|-1|-1

2020-04-12 09:00:27,010 INFO PERFORMANCE:|4|3|-1|-1

2020-04-12 09:05:27,019 INFO PERFORMANCE:|4|3|-1|-1

2020-04-12 09:10:27,030 INFO PERFORMANCE:|4|2|-1|-1

2020-04-12 09:15:27,040 INFO PERFORMANCE:|4|1|-1|-1

2020-04-12 09:20:27,056 INFO PERFORMANCE:|4|3|-1|-1

2020-04-12 09:25:27,069 INFO PERFORMANCE:|4|3|-1|-1

2020-04-12 09:30:27,081 INFO PERFORMANCE:|4|3|-1|-1

2020-04-12 09:35:27,095 INFO PERFORMANCE:|4|3|-1|-1

2020-04-12 09:40:27,108 INFO PERFORMANCE:|4|3|-1|-1

2020-04-12 09:45:27,119 INFO PERFORMANCE:|4|3|-1|-1

2020-04-12 09:50:27,132 INFO PERFORMANCE:|4|3|-1|-1

2020-04-12 09:55:27,144 INFO PERFORMANCE:|4|3|-1|-1

2020-04-12 10:00:27,157 INFO PERFORMANCE:|4|3|-1|-1

2020-04-12 10:05:27,169 INFO PERFORMANCE:|4|3|-1|-1

2020-04-12 10:10:27,182 INFO PERFORMANCE:|4|3|-1|-1

2020-04-12 10:15:27,195 INFO PERFORMANCE:|4|3|-1|-1

2020-04-12 10:20:27,207 INFO PERFORMANCE:|4|3|-1|-1

2020-04-12 10:25:27,219 INFO PERFORMANCE:|4|3|-1|-1

2020-04-12 10:30:27,232 INFO PERFORMANCE:|4|3|-1|-1

2020-04-12 10:35:27,245 INFO PERFORMANCE:|4|3|-1|-1

2020-04-12 10:40:27,256 INFO PERFORMANCE:|4|3|-1|-1

2020-04-12 10:45:27,268 INFO PERFORMANCE:|4|1|-1|-1

2020-04-12 10:50:27,281 INFO PERFORMANCE:|4|3|-1|-1

2020-04-12 10:55:27,293 INFO PERFORMANCE:|4|3|-1|-1

2020-04-12 11:00:27,307 INFO PERFORMANCE:|4|3|-1|-1

2020-04-12 11:05:27,320 INFO PERFORMANCE:|4|3|-1|-1

2020-04-12 11:10:27,332 INFO PERFORMANCE:|4|3|-1|-1

2020-04-12 11:15:27,344 INFO PERFORMANCE:|4|3|-1|-1

2020-04-12 11:20:27,356 INFO PERFORMANCE:|4|3|-1|-1

2020-04-12 11:25:27,369 INFO PERFORMANCE:|4|3|-1|-1

2020-04-12 11:30:27,380 INFO PERFORMANCE:|4|3|-1|-1

2020-04-12 11:35:27,392 INFO PERFORMANCE:|4|3|-1|-1

2020-04-12 11:40:27,405 INFO PERFORMANCE:|4|3|-1|-1

2020-04-12 11:45:27,418 INFO PERFORMANCE:|4|3|-1|-1

2020-04-12 11:50:27,431 INFO PERFORMANCE:|4|3|-1|-1

2020-04-12 11:55:27,444 INFO PERFORMANCE:|4|3|-1|-1

2020-04-12 12:00:27,457 INFO PERFORMANCE:|4|3|-1|-1

2020-04-12 12:05:27,471 INFO PERFORMANCE:|4|3|-1|-1

2020-04-12 12:10:27,484 INFO PERFORMANCE:|4|3|-1|-1

2020-04-12 12:15:27,498 INFO PERFORMANCE:|4|3|-1|-1

2020-04-12 12:20:27,511 INFO PERFORMANCE:|4|3|-1|-1

2020-04-12 12:25:27,523 INFO PERFORMANCE:|4|1|-1|-1

2020-04-12 12:30:27,534 INFO PERFORMANCE:|4|1|-1|-1

2020-04-12 12:35:27,546 INFO PERFORMANCE:|4|1|-1|-1

2020-04-12 12:40:27,559 INFO PERFORMANCE:|4|1|-1|-1

2020-04-12 12:45:27,572 INFO PERFORMANCE:|4|1|-1|-1

2020-04-12 12:50:27,585 INFO PERFORMANCE:|4|1|-1|-1

2020-04-12 12:55:27,598 INFO PERFORMANCE:|4|1|-1|-1

2020-04-12 13:00:27,610 INFO PERFORMANCE:|4|1|-1|-1

2020-04-12 13:05:27,623 INFO PERFORMANCE:|4|1|-1|-1

2020-04-12 13:10:27,637 INFO PERFORMANCE:|4|1|-1|-1

2020-04-12 13:15:27,651 INFO PERFORMANCE:|4|1|-1|-1

2020-04-12 13:20:27,668 INFO PERFORMANCE:|4|1|-1|-1

2020-04-12 13:25:27,681 INFO PERFORMANCE:|4|1|-1|-1

2020-04-12 13:30:27,695 INFO PERFORMANCE:|4|1|-1|-1

2020-04-12 13:35:27,708 INFO PERFORMANCE:|4|1|-1|-1

2020-04-12 13:40:27,721 INFO PERFORMANCE:|4|1|-1|-1

2020-04-12 13:45:27,735 INFO PERFORMANCE:|4|1|-1|-1

2020-04-12 13:50:27,735 INFO PERFORMANCE:|4|1|-1|-1

2020-04-12 13:55:27,734 INFO PERFORMANCE:|4|1|-1|-1

2020-04-12 14:00:27,742 INFO PERFORMANCE:|4|1|-1|-1

2020-04-12 14:05:27,753 INFO PERFORMANCE:|4|1|-1|-1

2020-04-12 14:10:27,772 INFO PERFORMANCE:|4|1|-1|-1

2020-04-12 14:15:27,788 INFO PERFORMANCE:|4|1|-1|-1

2020-04-12 14:20:27,804 INFO PERFORMANCE:|4|1|-1|-1

2020-04-12 14:25:27,818 INFO PERFORMANCE:|4|1|-1|-1

2020-04-12 14:30:27,832 INFO PERFORMANCE:|4|1|-1|-1

2020-04-12 14:35:27,846 INFO PERFORMANCE:|4|1|-1|-1

2020-04-12 14:40:27,859 INFO PERFORMANCE:|4|1|-1|-1

2020-04-12 14:45:27,872 INFO PERFORMANCE:|4|1|-1|-1

2020-04-12 14:50:27,886 INFO PERFORMANCE:|4|1|-1|-1

2020-04-12 14:55:27,899 INFO PERFORMANCE:|4|1|-1|-1

2020-04-12 15:00:27,900 INFO PERFORMANCE:|4|1|-1|-1

2020-04-12 15:05:27,907 INFO PERFORMANCE:|4|1|-1|-1

2020-04-12 15:10:27,918 INFO PERFORMANCE:|4|1|-1|-1

2020-04-12 15:15:27,929 INFO PERFORMANCE:|4|1|-1|-1

2020-04-12 15:20:27,940 INFO PERFORMANCE:|4|1|-1|-1

2020-04-12 15:25:27,953 INFO PERFORMANCE:|4|1|-1|-1

2020-04-12 15:30:27,964 INFO PERFORMANCE:|4|1|-1|-1

2020-04-12 15:35:27,977 INFO PERFORMANCE:|4|1|-1|-1

2020-04-12 15:40:27,990 INFO PERFORMANCE:|4|1|-1|-1

2020-04-12 15:45:28,002 INFO PERFORMANCE:|4|1|-1|-1

2020-04-12 15:50:28,016 INFO PERFORMANCE:|4|1|-1|-1

2020-04-12 15:55:28,032 INFO PERFORMANCE:|4|1|-1|-1

2020-04-12 16:00:28,045 INFO PERFORMANCE:|4|1|-1|-1

2020-04-12 16:05:28,057 INFO PERFORMANCE:|4|1|-1|-1

2020-04-12 16:10:28,068 INFO PERFORMANCE:|4|1|-1|-1

2020-04-12 16:15:28,080 INFO PERFORMANCE:|4|1|-1|-1

2020-04-12 16:20:28,091 INFO PERFORMANCE:|4|1|-1|-1

2020-04-12 16:25:28,105 INFO PERFORMANCE:|4|1|-1|-1

2020-04-12 16:30:28,118 INFO PERFORMANCE:|4|1|-1|-1

2020-04-12 16:35:28,131 INFO PERFORMANCE:|4|1|-1|-1

2020-04-12 16:40:28,144 INFO PERFORMANCE:|4|1|-1|-1

2020-04-12 16:45:28,160 INFO PERFORMANCE:|4|1|-1|-1

2020-04-12 16:50:28,173 INFO PERFORMANCE:|4|1|-1|-1

2020-04-12 16:55:28,187 INFO PERFORMANCE:|4|1|-1|-1

2020-04-12 17:00:28,197 INFO PERFORMANCE:|4|1|-1|-1

2020-04-12 17:05:28,207 INFO PERFORMANCE:|4|1|-1|-1

2020-04-12 17:10:28,218 INFO PERFORMANCE:|4|1|-1|-1

2020-04-12 17:15:28,230 INFO PERFORMANCE:|4|1|-1|-1

2020-04-12 17:20:28,243 INFO PERFORMANCE:|4|1|-1|-1

